<?xml version="1.0" encoding="UTF-8"?>
<!-- Generated by org.testng.reporters.JUnitReportReporter -->
<testsuite hostname="Akanksha-Bhagwananis-MacBook-Pro.local" name="Test.WeatherAPITest" tests="1" failures="0" timestamp="28 Sep 2015 10:14:20 GMT" time="0.185" errors="0">
  <testcase name="testFunction" time="0.185" classname="Test.WeatherAPITest"/>
</testsuite> <!-- Test.WeatherAPITest -->
